2026-02-12 22:46:01,542 INFO [app] OPTIONS /api/v1/workers/ 200 1ms
2026-02-12 22:46:01,550 INFO [app] OPTIONS /api/v1/users/me 200 0ms
2026-02-12 22:46:01,604 INFO [app] GET /api/v1/users/me 401 3ms
2026-02-12 22:46:01,627 INFO [app] OPTIONS /api/v1/auth/refresh 200 0ms
2026-02-12 22:46:03,705 INFO [app] POST /api/v1/auth/refresh 200 2051ms
2026-02-12 22:46:03,729 INFO [app] GET /api/v1/users/me 200 2ms
2026-02-12 22:46:05,668 INFO [app] GET /api/v1/workers/ 200 4076ms
2026-02-12 22:47:30,401 INFO [app] OPTIONS /api/v1/workers/2 200 0ms
2026-02-12 22:47:34,525 INFO [app] GET /api/v1/workers/2 200 4101ms
2026-02-12 22:50:29,784 INFO [app] OPTIONS /api/v1/workers/ 200 0ms
2026-02-12 22:50:31,946 INFO [app] OPTIONS /api/v1/workers/2 200 1ms
2026-02-12 22:50:33,858 INFO [app] GET /api/v1/workers/ 200 4068ms
2026-02-12 22:50:36,048 INFO [app] GET /api/v1/workers/2 200 4090ms
2026-02-12 23:22:42,465 INFO [app] OPTIONS /api/v1/workers/2 200 0ms
2026-02-12 23:22:42,466 INFO [app] OPTIONS /api/v1/users/me 200 0ms
2026-02-12 23:22:42,587 INFO [app] GET /api/v1/users/me 401 1ms
2026-02-12 23:22:42,604 INFO [app] OPTIONS /api/v1/auth/refresh 200 0ms
2026-02-12 23:22:44,648 INFO [app] POST /api/v1/auth/refresh 200 2032ms
2026-02-12 23:22:44,713 INFO [app] GET /api/v1/users/me 200 0ms
2026-02-12 23:22:46,596 INFO [app] GET /api/v1/workers/2 200 4100ms
2026-02-12 23:28:33,108 INFO [app] OPTIONS /api/v1/workers/2 200 0ms
2026-02-12 23:28:37,214 INFO [app] GET /api/v1/workers/2 200 4100ms
2026-02-12 23:33:56,735 INFO [app] OPTIONS /api/v1/workers/2 200 0ms
2026-02-12 23:33:58,139 INFO [app] OPTIONS /api/v1/users/me 200 0ms
2026-02-12 23:33:58,143 INFO [app] GET /api/v1/users/me 401 0ms
2026-02-12 23:33:58,191 INFO [app] OPTIONS /api/v1/auth/refresh 200 0ms
2026-02-12 23:34:00,232 INFO [app] POST /api/v1/auth/refresh 200 2035ms
2026-02-12 23:34:00,312 INFO [app] GET /api/v1/users/me 200 0ms
2026-02-12 23:34:00,880 INFO [app] GET /api/v1/workers/2 200 4114ms
2026-02-12 23:34:02,227 INFO [app] GET /api/v1/workers/2 200 4092ms
2026-02-12 23:34:22,222 INFO [app] OPTIONS /api/v1/workers/2 200 0ms
2026-02-12 23:34:22,235 INFO [app] OPTIONS /api/v1/users/me 200 0ms
2026-02-12 23:34:22,242 INFO [app] GET /api/v1/users/me 200 2ms
2026-02-12 23:34:24,270 INFO [app] GET /api/v1/workers/2 200 2042ms
2026-02-12 23:34:53,775 INFO [app] OPTIONS /api/v1/workers/2 200 0ms
2026-02-12 23:34:53,785 INFO [app] OPTIONS /api/v1/users/me 200 1ms
2026-02-12 23:34:53,819 INFO [app] GET /api/v1/users/me 200 3ms
2026-02-12 23:34:55,853 INFO [app] GET /api/v1/workers/2 200 2049ms
2026-02-12 23:39:05,779 INFO [app] OPTIONS /api/v1/workers/ 200 0ms
2026-02-12 23:39:09,854 INFO [app] GET /api/v1/workers/ 200 4065ms
2026-02-12 23:40:16,692 INFO [app] OPTIONS /api/v1/workers/1 200 0ms
2026-02-12 23:40:20,779 INFO [app] GET /api/v1/workers/1 200 4081ms
2026-02-12 23:51:14,689 INFO [app] OPTIONS /api/v1/workers/ 200 0ms
2026-02-12 23:51:18,802 INFO [app] GET /api/v1/workers/ 200 4106ms
2026-02-12 23:51:48,871 INFO [app] OPTIONS /api/v1/workers/ 200 0ms
2026-02-12 23:51:48,885 INFO [app] OPTIONS /api/v1/users/me 200 1ms
2026-02-12 23:51:48,894 INFO [app] GET /api/v1/users/me 401 2ms
2026-02-12 23:51:49,061 INFO [app] OPTIONS /api/v1/auth/refresh 200 0ms
2026-02-12 23:51:50,951 INFO [app] GET /api/v1/workers/ 200 2064ms
2026-02-12 23:51:51,122 INFO [app] POST /api/v1/auth/refresh 200 2053ms
2026-02-12 23:51:51,151 INFO [app] GET /api/v1/users/me 200 0ms
2026-02-12 23:51:53,590 INFO [app] OPTIONS /api/v1/workers/ 200 0ms
2026-02-12 23:51:57,692 INFO [app] GET /api/v1/workers/ 200 4095ms
2026-02-13 00:10:33,542 INFO [app] OPTIONS /api/v1/users/me 200 0ms
2026-02-13 00:10:33,575 INFO [app] GET /api/v1/users/me 401 2ms
2026-02-13 00:10:33,604 INFO [app] OPTIONS /api/v1/auth/refresh 200 0ms
2026-02-13 00:10:35,663 INFO [app] POST /api/v1/auth/refresh 200 2044ms
2026-02-13 00:10:35,694 INFO [app] GET /api/v1/users/me 200 4ms
2026-02-13 00:10:39,615 INFO [app] OPTIONS /api/v1/users/me 200 0ms
2026-02-13 00:10:39,650 INFO [app] GET /api/v1/users/me 200 1ms
2026-02-13 00:10:44,186 INFO [app] GET /api/v1/users/me 200 1ms
2026-02-13 00:10:45,900 INFO [app] OPTIONS /api/v1/users/me 200 0ms
2026-02-13 00:10:45,909 INFO [app] GET /api/v1/users/me 200 0ms
2026-02-13 00:11:21,599 INFO [app] OPTIONS /api/v1/users/me 200 1ms
2026-02-13 00:11:21,609 INFO [app] GET /api/v1/users/me 200 0ms
2026-02-15 18:53:38,046 INFO [app] OPTIONS /api/v1/users/me 200 0ms
2026-02-15 18:53:38,053 INFO [app] GET /api/v1/users/me 401 1ms
2026-02-15 18:54:45,748 INFO [app] OPTIONS /api/v1/workers/ 200 0ms
2026-02-15 18:54:49,843 INFO [app] GET /api/v1/workers/ 200 4090ms
2026-02-15 18:55:00,841 INFO [app] OPTIONS /api/v1/workers/1 200 1ms
2026-02-15 18:55:04,950 INFO [app] GET /api/v1/workers/1 200 4091ms
2026-02-15 18:59:42,233 INFO [app] OPTIONS /api/v1/auth/login 200 0ms
2026-02-15 18:59:42,245 INFO [app] POST /api/v1/auth/login 401 5ms
2026-02-15 18:59:53,392 INFO [app] OPTIONS /api/v1/auth/login 200 1ms
2026-02-15 18:59:53,487 INFO [app] POST /api/v1/auth/login 200 91ms
2026-02-15 18:59:53,496 INFO [app] OPTIONS /api/v1/users/me 200 0ms
2026-02-15 18:59:53,502 INFO [app] GET /api/v1/users/me 200 1ms
2026-02-15 18:59:58,993 INFO [app] OPTIONS /api/v1/users/me 200 0ms
2026-02-15 18:59:59,001 INFO [app] GET /api/v1/users/me 200 1ms
2026-02-15 19:00:01,416 INFO [app] GET /api/v1/users/me 200 0ms
2026-02-15 19:07:55,676 INFO [app] OPTIONS /api/v1/users/me 200 0ms
2026-02-15 19:07:55,682 INFO [app] GET /api/v1/users/me 401 0ms
2026-02-15 19:07:56,007 INFO [app] OPTIONS /api/v1/auth/refresh 200 0ms
2026-02-15 19:07:58,048 INFO [app] POST /api/v1/auth/refresh 200 2032ms
2026-02-15 19:07:58,057 INFO [app] GET /api/v1/users/me 200 1ms
2026-02-15 19:15:41,670 INFO [app] OPTIONS /api/v1/users/me 200 0ms
2026-02-15 19:15:41,680 INFO [app] GET /api/v1/users/me 401 4ms
2026-02-15 19:15:41,689 INFO [app] OPTIONS /api/v1/auth/refresh 200 0ms
2026-02-15 19:15:43,740 INFO [app] POST /api/v1/auth/refresh 200 2046ms
2026-02-15 19:15:43,748 INFO [app] GET /api/v1/users/me 200 1ms
2026-02-15 19:20:33,007 INFO [app] OPTIONS /api/v1/users/me 200 0ms
2026-02-15 19:20:33,015 INFO [app] GET /api/v1/users/me 200 2ms
2026-02-15 20:50:08,571 INFO [app] OPTIONS /api/v1/users/me 200 0ms
2026-02-15 20:50:08,576 INFO [app] GET /api/v1/users/me 401 1ms
2026-02-15 20:50:08,595 INFO [app] OPTIONS /api/v1/auth/refresh 200 1ms
2026-02-15 20:50:10,674 INFO [app] POST /api/v1/auth/refresh 200 2074ms
2026-02-15 20:50:10,689 INFO [app] GET /api/v1/users/me 200 2ms
2026-02-15 20:50:11,616 INFO [app] GET /api/v1/users/me 200 0ms
2026-02-15 20:50:15,139 INFO [app] OPTIONS /api/v1/users/me 200 1ms
2026-02-15 20:50:15,146 INFO [app] GET /api/v1/users/me 200 1ms
2026-02-15 20:50:50,615 INFO [app] OPTIONS /api/v1/workers/ 200 1ms
2026-02-15 20:50:54,718 INFO [app] GET /api/v1/workers/ 200 4095ms
2026-02-15 20:54:40,109 INFO [app] OPTIONS /api/v1/users/me 200 0ms
2026-02-15 20:54:40,115 INFO [app] GET /api/v1/users/me 200 2ms
2026-02-15 20:58:39,299 INFO [app] OPTIONS /api/v1/users/me 200 0ms
2026-02-15 20:58:39,303 INFO [app] GET /api/v1/users/me 401 0ms
2026-02-15 20:58:39,314 INFO [app] OPTIONS /api/v1/auth/refresh 200 0ms
2026-02-15 20:58:41,364 INFO [app] POST /api/v1/auth/refresh 200 2045ms
2026-02-16 20:02:19,449 INFO [app] OPTIONS /api/v1/workers/ 200 1ms
2026-02-16 20:02:23,555 INFO [app] GET /api/v1/workers/ 200 4098ms
2026-02-16 20:02:30,414 INFO [app] OPTIONS /api/v1/auth/login 200 1ms
2026-02-16 20:02:30,516 INFO [app] POST /api/v1/auth/login 200 96ms
2026-02-16 20:02:30,527 INFO [app] OPTIONS /api/v1/users/me 200 0ms
2026-02-16 20:02:30,532 INFO [app] GET /api/v1/users/me 200 0ms
2026-02-16 20:06:07,115 INFO [app] OPTIONS /api/v1/users/me 200 0ms
2026-02-16 23:01:48,004 INFO [app] OPTIONS /api/v1/users/me 200 5ms
2026-02-16 23:01:54,823 INFO [app] OPTIONS /api/v1/users/me 200 1ms
2026-02-16 23:01:55,102 INFO [app] GET /api/v1/users/me 401 58ms
2026-02-16 23:01:55,335 INFO [app] OPTIONS /api/v1/auth/refresh 200 0ms
2026-02-16 23:01:57,482 INFO [app] POST /api/v1/auth/refresh 200 2134ms
2026-02-16 23:01:57,582 INFO [app] GET /api/v1/users/me 200 20ms
2026-02-16 23:26:39,830 INFO [app] OPTIONS /api/v1/users/me 200 66ms
2026-02-18 23:23:02,939 INFO [app] GET /api/v1/workers/ 200 4152ms
2026-02-18 23:23:07,026 INFO [app] GET /api/v1/workers/4 200 4080ms
2026-02-18 23:23:07,029 INFO [app] GET /api/v1/workers/4/services 200 0ms
2026-02-18 23:23:07,051 INFO [app] POST /api/v1/workers/4/bookings 201 20ms
2026-02-18 23:23:07,054 INFO [app] GET /api/v1/bookings/1 200 2ms
2026-02-18 23:24:35,884 INFO [app] GET /api/v1/workers/ 200 4096ms
2026-02-18 23:41:11,138 INFO [app] OPTIONS /api/v1/workers/ 200 3ms
2026-02-18 23:41:15,245 INFO [app] GET /api/v1/workers/ 200 4099ms
2026-02-18 23:41:19,675 INFO [app] OPTIONS /api/v1/workers/1 200 0ms
2026-02-18 23:41:19,676 INFO [app] OPTIONS /api/v1/workers/1/services 200 0ms
2026-02-18 23:41:19,694 INFO [app] GET /api/v1/workers/1/services 200 5ms
2026-02-18 23:41:23,791 INFO [app] GET /api/v1/workers/1 200 4104ms
2026-02-18 23:42:23,465 INFO [app] OPTIONS /api/v1/workers/1/bookings 200 1ms
2026-02-18 23:42:23,496 INFO [app] POST /api/v1/workers/1/bookings 201 24ms
2026-02-18 23:56:06,099 INFO [app] POST /api/v1/workers/1/bookings 401 0ms
2026-02-18 23:56:37,829 INFO [app] POST /api/v1/auth/register 201 95ms
2026-02-18 23:56:37,831 INFO [app] POST /api/v1/auth/register 403 1ms
2026-02-18 23:57:23,944 INFO [app] POST /api/v1/workers/999999/bookings 404 4ms
2026-02-19 00:00:33,020 INFO [app] POST /api/v1/auth/register 201 83ms
2026-02-19 00:01:27,789 INFO [app] POST /api/v1/workers/1/bookings 401 1ms
2026-02-19 00:03:38,199 INFO [app] OPTIONS /api/v1/workers/ 200 1ms
2026-02-19 00:03:42,318 INFO [app] GET /api/v1/workers/ 200 4113ms
2026-02-19 00:03:46,249 INFO [app] OPTIONS /api/v1/workers/3 200 0ms
2026-02-19 00:03:46,252 INFO [app] OPTIONS /api/v1/workers/3/services 200 0ms
2026-02-19 00:03:46,269 INFO [app] GET /api/v1/workers/3/services 200 2ms
2026-02-19 00:03:50,346 INFO [app] GET /api/v1/workers/3 200 4089ms
2026-02-19 00:04:06,830 INFO [app] OPTIONS /api/v1/auth/login 200 0ms
2026-02-19 00:04:06,837 INFO [app] POST /api/v1/auth/login 401 1ms
2026-02-19 00:04:15,270 INFO [app] OPTIONS /api/v1/auth/login 200 0ms
2026-02-19 00:04:15,358 INFO [app] POST /api/v1/auth/login 200 82ms
2026-02-19 00:04:15,370 INFO [app] OPTIONS /api/v1/users/me 200 0ms
2026-02-19 00:04:15,377 INFO [app] GET /api/v1/users/me 200 2ms
2026-02-19 00:04:15,584 INFO [app] OPTIONS /api/v1/workers/3 200 0ms
2026-02-19 00:04:15,588 INFO [app] OPTIONS /api/v1/workers/3/services 200 1ms
2026-02-19 00:04:15,624 INFO [app] GET /api/v1/workers/3/services 200 5ms
2026-02-19 00:04:17,643 INFO [app] GET /api/v1/workers/3 200 2036ms
2026-02-19 00:06:03,700 INFO [app] OPTIONS /api/v1/workers/3/bookings 200 0ms
2026-02-19 00:06:03,727 INFO [app] POST /api/v1/workers/3/bookings 201 21ms
2026-02-19 00:06:25,324 INFO [app] OPTIONS /api/v1/auth/logout 200 0ms
2026-02-19 00:06:27,385 INFO [app] POST /api/v1/auth/logout 200 2055ms
2026-02-19 00:06:34,917 INFO [app] OPTIONS /api/v1/workers/ 200 0ms
2026-02-19 00:06:39,038 INFO [app] GET /api/v1/workers/ 200 4114ms
2026-02-19 00:06:45,135 INFO [app] OPTIONS /api/v1/workers/1 200 0ms
2026-02-19 00:06:45,146 INFO [app] OPTIONS /api/v1/workers/1/services 200 0ms
2026-02-19 00:06:45,170 INFO [app] GET /api/v1/workers/1/services 200 10ms
2026-02-19 00:06:49,243 INFO [app] GET /api/v1/workers/1 200 4094ms
2026-02-19 00:07:05,361 INFO [app] OPTIONS /api/v1/auth/login 200 0ms
2026-02-19 00:07:05,490 INFO [app] POST /api/v1/auth/login 200 121ms
2026-02-19 00:07:05,517 INFO [app] OPTIONS /api/v1/users/me 200 0ms
2026-02-19 00:07:05,526 INFO [app] GET /api/v1/users/me 200 3ms
2026-02-19 00:07:27,680 INFO [app] OPTIONS /api/v1/workers/1/bookings 200 0ms
2026-02-19 00:07:27,720 INFO [app] POST /api/v1/workers/1/bookings 201 25ms
2026-02-19 00:10:27,761 INFO [app] POST /api/v1/workers/5/bookings 201 13ms
2026-02-19 00:12:34,562 INFO [app] OPTIONS /api/v1/workers/ 200 0ms
2026-02-19 00:12:38,740 INFO [app] GET /api/v1/workers/ 200 4097ms
2026-02-19 00:12:50,244 INFO [app] OPTIONS /api/v1/workers/ 200 0ms
2026-02-19 00:12:54,320 INFO [app] GET /api/v1/workers/ 200 4068ms
2026-02-19 00:13:00,584 INFO [app] OPTIONS /api/v1/workers/ 200 1ms
2026-02-19 00:13:04,683 INFO [app] GET /api/v1/workers/ 200 4094ms
2026-02-19 00:13:06,198 INFO [app] OPTIONS /api/v1/workers/3 200 0ms
2026-02-19 00:13:06,206 INFO [app] OPTIONS /api/v1/workers/3/services 200 0ms
2026-02-19 00:13:06,311 INFO [app] GET /api/v1/workers/3/services 200 3ms
2026-02-19 00:13:10,285 INFO [app] GET /api/v1/workers/3 200 4076ms
2026-02-19 00:13:37,380 INFO [app] OPTIONS /api/v1/workers/3/bookings 200 0ms
2026-02-19 00:13:37,390 INFO [app] POST /api/v1/workers/3/bookings 401 1ms
2026-02-19 00:13:37,438 INFO [app] OPTIONS /api/v1/auth/refresh 200 0ms
2026-02-19 00:13:39,488 INFO [app] POST /api/v1/auth/refresh 200 2044ms
2026-02-19 00:13:39,555 INFO [app] POST /api/v1/workers/3/bookings 201 12ms
2026-02-19 00:14:50,084 INFO [app] OPTIONS /api/v1/workers/3 200 0ms
2026-02-19 00:14:50,085 INFO [app] OPTIONS /api/v1/workers/3/services 200 0ms
2026-02-19 00:14:50,089 INFO [app] OPTIONS /api/v1/users/me 200 0ms
2026-02-19 00:14:50,113 INFO [app] GET /api/v1/workers/3/services 200 8ms
2026-02-19 00:14:50,205 INFO [app] GET /api/v1/users/me 200 5ms
2026-02-19 00:14:54,161 INFO [app] GET /api/v1/workers/3 200 4063ms
2026-02-19 00:15:17,685 INFO [app] OPTIONS /api/v1/workers/3/bookings 200 0ms
2026-02-19 00:15:17,694 INFO [app] POST /api/v1/workers/3/bookings 500 1ms
2026-02-19 00:15:45,127 INFO [app] OPTIONS /api/v1/workers/3 200 0ms
2026-02-19 00:15:45,140 INFO [app] OPTIONS /api/v1/workers/3/services 200 0ms
2026-02-19 00:15:45,227 INFO [app] GET /api/v1/workers/3/services 200 2ms
2026-02-19 00:15:47,310 INFO [app] GET /api/v1/workers/3 200 2101ms
2026-02-19 00:15:51,493 INFO [app] OPTIONS /api/v1/auth/login 200 0ms
2026-02-19 00:15:51,608 INFO [app] POST /api/v1/auth/login 200 107ms
2026-02-19 00:15:51,627 INFO [app] OPTIONS /api/v1/users/me 200 0ms
2026-02-19 00:15:51,635 INFO [app] GET /api/v1/users/me 200 2ms
2026-02-19 00:15:56,576 INFO [app] OPTIONS /api/v1/workers/ 200 0ms
2026-02-19 00:16:00,684 INFO [app] GET /api/v1/workers/ 200 4091ms
2026-02-19 00:16:05,234 INFO [app] OPTIONS /api/v1/workers/2 200 1ms
2026-02-19 00:16:05,250 INFO [app] OPTIONS /api/v1/workers/2/services 200 0ms
2026-02-19 00:16:05,273 INFO [app] GET /api/v1/workers/2/services 200 6ms
2026-02-19 00:16:09,308 INFO [app] GET /api/v1/workers/2 200 4067ms
2026-02-19 00:16:23,781 INFO [app] OPTIONS /api/v1/workers/2/bookings 200 0ms
2026-02-19 00:16:23,839 INFO [app] POST /api/v1/workers/2/bookings 201 48ms
2026-02-19 00:20:52,631 INFO [app] OPTIONS /api/v1/workers/2 200 0ms
2026-02-19 00:20:52,635 INFO [app] OPTIONS /api/v1/workers/2/services 200 0ms
2026-02-19 00:20:52,656 INFO [app] GET /api/v1/workers/2/services 200 5ms
2026-02-19 00:20:56,734 INFO [app] GET /api/v1/workers/2 200 4096ms
2026-02-19 00:22:21,880 INFO [app] OPTIONS /api/v1/workers/ 200 0ms
2026-02-19 00:22:26,010 INFO [app] GET /api/v1/workers/ 200 4122ms
2026-02-19 00:22:27,870 INFO [app] OPTIONS /api/v1/workers/3 200 0ms
2026-02-19 00:22:27,891 INFO [app] OPTIONS /api/v1/workers/3/services 200 0ms
2026-02-19 00:22:27,907 INFO [app] GET /api/v1/workers/3/services 200 2ms
2026-02-19 00:22:31,959 INFO [app] GET /api/v1/workers/3 200 4076ms
2026-02-19 00:23:01,964 INFO [app] OPTIONS /api/v1/workers/3/bookings 200 0ms
2026-02-19 00:23:01,971 INFO [app] POST /api/v1/workers/3/bookings 401 0ms
2026-02-19 00:23:02,012 INFO [app] OPTIONS /api/v1/auth/refresh 200 0ms
2026-02-19 00:23:04,051 INFO [app] POST /api/v1/auth/refresh 200 2032ms
2026-02-19 00:23:04,191 INFO [app] POST /api/v1/workers/3/bookings 201 19ms
2026-02-19 00:25:06,307 INFO [app] OPTIONS /api/v1/users/me 200 0ms
2026-02-19 00:25:06,326 INFO [app] GET /api/v1/users/me 200 8ms
2026-02-19 00:25:08,500 INFO [app] GET /api/v1/users/me 200 2ms
2026-02-19 00:25:13,794 INFO [app] OPTIONS /api/v1/workers/ 200 0ms
2026-02-19 00:25:17,918 INFO [app] GET /api/v1/workers/ 200 4115ms
2026-02-19 00:30:10,566 INFO [app] OPTIONS /api/v1/users/me 200 0ms
2026-02-19 00:30:10,615 INFO [app] GET /api/v1/users/me 401 1ms
2026-02-19 00:30:11,324 INFO [app] OPTIONS /api/v1/auth/refresh 200 0ms
2026-02-19 00:30:13,371 INFO [app] POST /api/v1/auth/refresh 200 2037ms
2026-02-19 00:30:13,384 INFO [app] GET /api/v1/users/me 200 1ms
2026-02-19 00:34:29,826 INFO [app] OPTIONS /api/v1/workers/ 200 0ms
2026-02-19 00:34:31,730 INFO [app] OPTIONS /api/v1/users/me 200 0ms
2026-02-19 00:34:31,743 INFO [app] GET /api/v1/users/me 200 2ms
2026-02-19 00:34:33,882 INFO [app] GET /api/v1/workers/ 200 4049ms
2026-02-19 00:34:35,787 INFO [app] GET /api/v1/workers/ 200 4063ms
2026-02-19 00:36:43,878 INFO [app] OPTIONS /api/v1/workers/ 200 0ms
2026-02-19 00:36:43,887 INFO [app] OPTIONS /api/v1/users/me 200 0ms
2026-02-19 00:36:43,893 INFO [app] GET /api/v1/users/me 401 1ms
2026-02-19 00:36:44,545 INFO [app] OPTIONS /api/v1/auth/refresh 200 0ms
2026-02-19 00:36:46,600 INFO [app] POST /api/v1/auth/refresh 200 2032ms
2026-02-19 00:36:46,659 INFO [app] GET /api/v1/users/me 200 1ms
2026-02-19 00:36:47,942 INFO [app] GET /api/v1/workers/ 200 4057ms
2026-02-19 00:50:02,730 INFO [app] OPTIONS /api/v1/workers/ 200 0ms
2026-02-19 00:50:06,809 INFO [app] GET /api/v1/workers/ 200 4070ms
2026-02-19 01:13:15,519 INFO [app] OPTIONS /api/v1/workers/ 200 0ms
2026-02-19 01:13:19,634 INFO [app] GET /api/v1/workers/ 200 4111ms
2026-02-19 01:14:20,844 INFO [app] OPTIONS /api/v1/workers/ 200 0ms
2026-02-19 01:14:20,865 INFO [app] OPTIONS /api/v1/users/me 200 0ms
2026-02-19 01:14:20,889 INFO [app] GET /api/v1/users/me 401 4ms
2026-02-19 01:14:21,313 INFO [app] OPTIONS /api/v1/auth/refresh 200 1ms
2026-02-19 01:14:23,389 INFO [app] POST /api/v1/auth/refresh 200 2063ms
2026-02-19 01:14:23,443 INFO [app] GET /api/v1/users/me 200 0ms
2026-02-19 01:14:25,106 INFO [app] GET /api/v1/workers/ 200 4254ms
2026-02-19 01:19:01,459 INFO [app] OPTIONS /api/v1/workers/ 200 1ms
2026-02-19 01:19:01,461 INFO [app] OPTIONS /api/v1/users/me 200 0ms
2026-02-19 01:19:01,528 INFO [app] GET /api/v1/users/me 200 1ms
2026-02-19 01:19:05,591 INFO [app] GET /api/v1/workers/ 200 4082ms
2026-02-19 01:19:29,837 INFO [app] OPTIONS /api/v1/users/me 200 0ms
2026-02-19 01:19:29,850 INFO [app] GET /api/v1/users/me 401 0ms
2026-02-19 01:19:29,910 INFO [app] OPTIONS /api/v1/auth/refresh 200 0ms
2026-02-19 01:19:31,449 INFO [app] OPTIONS /api/v1/workers/ 200 1ms
2026-02-19 01:19:31,947 INFO [app] POST /api/v1/auth/refresh 200 2025ms
2026-02-19 01:19:33,492 INFO [app] GET /api/v1/workers/ 200 2032ms
2026-02-19 01:22:11,650 INFO [app] OPTIONS /api/v1/workers/ 200 0ms
2026-02-19 01:22:15,738 INFO [app] GET /api/v1/workers/ 200 4083ms
2026-02-19 01:22:37,393 INFO [app] OPTIONS /api/v1/workers/ 200 0ms
2026-02-19 01:22:39,427 INFO [app] GET /api/v1/workers/ 200 2028ms
2026-02-19 01:22:49,636 INFO [app] OPTIONS /api/v1/workers/ 200 0ms
2026-02-19 01:22:51,695 INFO [app] GET /api/v1/workers/ 200 2048ms
2026-02-19 01:23:05,415 INFO [app] OPTIONS /api/v1/workers/ 200 0ms
2026-02-19 01:23:09,527 INFO [app] GET /api/v1/workers/ 200 4098ms
2026-02-19 01:32:13,231 INFO [app] OPTIONS /api/v1/workers/ 200 1ms
2026-02-19 01:32:17,474 INFO [app] GET /api/v1/workers/ 200 4073ms
2026-02-19 01:32:31,883 INFO [app] OPTIONS /api/v1/workers/ 200 0ms
2026-02-19 01:32:36,052 INFO [app] GET /api/v1/workers/ 200 4164ms
2026-02-19 01:39:08,419 INFO [app] OPTIONS /api/v1/auth/login 200 0ms
2026-02-19 01:39:08,562 INFO [app] POST /api/v1/auth/login 200 137ms
2026-02-19 01:39:08,590 INFO [app] OPTIONS /api/v1/users/me 200 0ms
2026-02-19 01:39:08,602 INFO [app] GET /api/v1/users/me 200 2ms
2026-02-19 01:42:57,342 INFO [app] GET /api/v1/users/me 200 2ms
2026-02-19 01:43:56,229 INFO [app] OPTIONS /api/v1/users/me 200 0ms
2026-02-19 01:43:56,279 INFO [app] GET /api/v1/users/me 200 41ms
2026-02-19 01:44:23,940 INFO [app] OPTIONS /api/v1/workers/ 200 0ms
2026-02-19 01:44:28,021 INFO [app] GET /api/v1/workers/ 200 4067ms
2026-02-19 01:44:36,108 INFO [app] OPTIONS /api/v1/auth/logout 200 1ms
2026-02-19 01:44:36,115 INFO [app] POST /api/v1/auth/logout 401 1ms
2026-02-19 01:44:42,347 INFO [app] OPTIONS /api/v1/auth/login 200 0ms
2026-02-19 01:44:42,479 INFO [app] POST /api/v1/auth/login 200 91ms
2026-02-19 01:44:42,499 INFO [app] OPTIONS /api/v1/users/me 200 0ms
2026-02-19 01:44:42,512 INFO [app] GET /api/v1/users/me 200 1ms
2026-02-19 01:44:47,105 INFO [app] OPTIONS /api/v1/workers/ 200 0ms
2026-02-19 01:44:51,171 INFO [app] GET /api/v1/workers/ 200 4056ms
